{"RequestId":"3ecee5b5-78f3-4b91-8191-22a33644479b","level":"error","msg":"Get db Failed: db connect not exist","time":"2022-10-29 11:09:46.8469"}
{"level":"info","msg":"Showtdown Server ...","time":"2022-10-29 11:10:18.1342"}
{"level":"info","msg":"Server existing","time":"2022-10-29 11:10:18.1350"}
{"RequestId":"afd30c5e-ddcf-47de-8bcc-fdf935dbf1a2","level":"error","msg":"Get db Failed: db connect not exist","time":"2022-10-29 11:11:44.2854"}
{"level":"info","msg":"Showtdown Server ...","time":"2022-10-29 11:28:40.1586"}
{"level":"info","msg":"Server existing","time":"2022-10-29 11:28:40.1595"}
{"RequestId":"1e240536-a617-4387-8808-f0436d49c413","level":"error","msg":"Get db Failed: db connect not exist","time":"2022-10-29 11:29:08.1296"}
{"level":"info","msg":"Showtdown Server ...","time":"2022-10-29 11:32:56.4577"}
{"level":"info","msg":"Server existing","time":"2022-10-29 11:32:56.4784"}
{"RequestId":"f68b3941-c578-4d9f-b89b-f3b6eae0d6f0","level":"info","msg":"query: {1 10 }","time":"2022-10-29 11:33:07.1944"}
{"RequestId":"301ae42c-529a-445b-adb0-b4b35b279bd7","level":"error","msg":"Bind body failed: json: Unmarshal(non-pointer models.User)","time":"2022-10-29 11:35:55.5646"}
{"level":"info","msg":"Showtdown Server ...","time":"2022-10-29 11:38:43.7401"}
{"level":"info","msg":"Server existing","time":"2022-10-29 11:38:43.7409"}
{"RequestId":"29711a6e-4c48-42f3-8f13-ebc53a6fa322","level":"info","msg":"instance: map[email:x.nikp@qq.com password:exercitation ut esse sit Duis phone:19819342497 user_name:高涛]","time":"2022-10-29 11:38:51.7732"}
{"RequestId":"29711a6e-4c48-42f3-8f13-ebc53a6fa322","level":"info","msg":"type of instance: map[string]interface {}","time":"2022-10-29 11:38:51.7745"}
{"RequestId":"29711a6e-4c48-42f3-8f13-ebc53a6fa322","level":"error","msg":"service return error: runtime error: invalid memory address or nil pointer dereference","time":"2022-10-29 11:38:51.7759"}
{"level":"info","msg":"Showtdown Server ...","time":"2022-10-29 11:42:45.8882"}
{"level":"info","msg":"Server existing","time":"2022-10-29 11:42:45.8891"}
{"RequestId":"4cd8547a-7e9b-417b-9b1c-76e80978d155","level":"info","msg":"type of instance: models.User","time":"2022-10-29 11:42:53.3620"}
{"RequestId":"4cd8547a-7e9b-417b-9b1c-76e80978d155","level":"info","msg":"instance: map[email:x.nikp@qq.com password:exercitation ut esse sit Duis phone:19819342497 user_name:高涛]","time":"2022-10-29 11:42:53.3625"}
{"RequestId":"4cd8547a-7e9b-417b-9b1c-76e80978d155","level":"info","msg":"type of instance: map[string]interface {}","time":"2022-10-29 11:42:53.3625"}
{"RequestId":"4cd8547a-7e9b-417b-9b1c-76e80978d155","level":"error","msg":"service return error: runtime error: invalid memory address or nil pointer dereference","time":"2022-10-29 11:42:53.3638"}
{"level":"info","msg":"Showtdown Server ...","time":"2022-10-29 12:16:24.6293"}
{"level":"info","msg":"Server existing","time":"2022-10-29 12:16:24.6304"}
{"RequestId":"659928b6-b667-4178-a015-20a6661cf12f","level":"info","msg":"type of instance: models.User","time":"2022-10-29 12:22:04.4385"}
{"RequestId":"659928b6-b667-4178-a015-20a6661cf12f","level":"info","msg":"instance: map[email:x.nikp@qq.com password:exercitation ut esse sit Duis phone:19819342497 user_name:高涛]","time":"2022-10-29 12:22:04.4557"}
{"RequestId":"659928b6-b667-4178-a015-20a6661cf12f","level":"info","msg":"type of instance: map[string]interface {}","time":"2022-10-29 12:22:04.4558"}
{"RequestId":"659928b6-b667-4178-a015-20a6661cf12f","level":"error","msg":"Create failed: unsupported data type: map[email:x.nikp@qq.com password:exercitation ut esse sit Duis phone:19819342497 user_name:高涛]: Table not set, please set it like: db.Model(\u0026user) or db.Table(\"users\")","time":"2022-10-29 12:22:04.4559"}
{"level":"info","msg":"Showtdown Server ...","time":"2022-10-29 12:23:16.7822"}
{"level":"info","msg":"Server existing","time":"2022-10-29 12:23:16.7832"}
{"RequestId":"3ae24de5-5eeb-4503-b656-d389c161ff63","level":"info","msg":"type of instance: models.User","time":"2022-10-29 12:23:50.5567"}
{"RequestId":"3ae24de5-5eeb-4503-b656-d389c161ff63","level":"error","msg":"Bind body failed: json: Unmarshal(non-pointer models.User)","time":"2022-10-29 12:23:50.5578"}
{"level":"info","msg":"Showtdown Server ...","time":"2022-10-29 12:28:18.7260"}
{"level":"info","msg":"Server existing","time":"2022-10-29 12:28:18.7453"}
{"RequestId":"3c654495-6ab5-4273-8483-fe9f4a193c15","level":"info","msg":"type of instance: models.User","time":"2022-10-29 12:28:41.6429"}
{"RequestId":"3c654495-6ab5-4273-8483-fe9f4a193c15","level":"error","msg":"Bind body failed: json: Unmarshal(non-pointer models.User)","time":"2022-10-29 12:28:41.6749"}
{"level":"info","msg":"Showtdown Server ...","time":"2022-10-29 12:31:15.3013"}
{"level":"info","msg":"Server existing","time":"2022-10-29 12:31:15.3028"}
{"RequestId":"434d451b-d5e4-4d4c-9338-20d3bfb5aaff","level":"info","msg":"type of instance: *models.User","time":"2022-10-29 12:31:31.1069"}
{"RequestId":"434d451b-d5e4-4d4c-9338-20d3bfb5aaff","level":"info","msg":"instance: \u0026{{0 0001-01-01 00:00:00 +0000 UTC 0001-01-01 00:00:00 +0000 UTC {0001-01-01 00:00:00 +0000 UTC false}}  exercitation ut esse sit Duis x.nikp@qq.com 19819342497}","time":"2022-10-29 12:31:31.1253"}
{"RequestId":"434d451b-d5e4-4d4c-9338-20d3bfb5aaff","level":"info","msg":"type of instance: *models.User","time":"2022-10-29 12:31:31.1254"}
{"RequestId":"c942fd4d-66ab-42e8-a7c8-ebca46075a48","level":"info","msg":"type of instance: *models.User","time":"2022-10-29 12:35:28.7266"}
{"RequestId":"c942fd4d-66ab-42e8-a7c8-ebca46075a48","level":"info","msg":"instance: \u0026{{0 0001-01-01 00:00:00 +0000 UTC 0001-01-01 00:00:00 +0000 UTC {0001-01-01 00:00:00 +0000 UTC false}}  ex Duis laboris officia v.xupquq@qq.com 18184341170}","time":"2022-10-29 12:35:28.7483"}
{"RequestId":"c942fd4d-66ab-42e8-a7c8-ebca46075a48","level":"info","msg":"type of instance: *models.User","time":"2022-10-29 12:35:28.7485"}
{"RequestId":"b76631cb-9e7e-450c-8f8b-9c70a0598cc7","level":"info","msg":"type of instance: *models.User","time":"2022-10-29 12:36:53.8685"}
{"RequestId":"b76631cb-9e7e-450c-8f8b-9c70a0598cc7","level":"info","msg":"instance: \u0026{{0 0001-01-01 00:00:00 +0000 UTC 0001-01-01 00:00:00 +0000 UTC {0001-01-01 00:00:00 +0000 UTC false}} 常秀兰 cillum Duis dolore mollit sed h.onsvfys@qq.com 19868793546}","time":"2022-10-29 12:36:53.8688"}
{"RequestId":"b76631cb-9e7e-450c-8f8b-9c70a0598cc7","level":"info","msg":"type of instance: *models.User","time":"2022-10-29 12:36:53.8688"}
{"RequestId":"117bf980-d1b5-4663-8047-2c3b9f6e10ea","level":"info","msg":"query: {1 10 }","time":"2022-10-29 12:37:34.4572"}
{"RequestId":"0007ca9a-fb86-4bc9-be3f-0f140481139d","level":"info","msg":"id: {1}","time":"2022-10-29 15:33:43.0387"}
{"RequestId":"a956a25c-b7f0-4081-aa10-3e4f607562bd","level":"error","msg":"Update model failed: no such column: username","time":"2022-10-29 15:34:20.0372"}
{"level":"info","msg":"Showtdown Server ...","time":"2022-10-29 16:06:27.1172"}
{"level":"info","msg":"Server existing","time":"2022-10-29 16:06:27.1397"}
{"RequestId":"6aed68fd-03ea-418e-ab2c-067b30827a5a","level":"info","msg":"id: {1}","time":"2022-10-29 16:07:04.7386"}
{"RequestId":"788439c9-42fe-4da4-bdd9-598470c37880","level":"info","msg":"id: {1}","time":"2022-10-29 16:07:42.6060"}
{"RequestId":"788439c9-42fe-4da4-bdd9-598470c37880","level":"error","msg":"Create failed: record not found","time":"2022-10-29 16:07:42.6064"}
{"level":"info","msg":"Showtdown Server ...","time":"2022-10-29 16:19:21.4775"}
{"level":"info","msg":"Server existing","time":"2022-10-29 16:19:21.4784"}
